<?xml version="1.0" encoding="UTF-8"?>
<!-- Generated by org.testng.reporters.JUnitReportReporter -->
<testsuite hostname="DESKTOP-6BOD738" failures="0" tests="4" name="com.TestNG.features.Grouping_Features" time="0.085" errors="0" timestamp="2022-01-25T13:48:12 IST" skipped="0">
  <testcase classname="com.TestNG.features.Grouping_Features" name="whatsapp" time="0.022"/>
  <system-out/>
  <testcase classname="com.TestNG.features.Grouping_Features" name="wynkMusic" time="0.022"/>
  <system-out/>
  <testcase classname="com.TestNG.features.Grouping_Features" name="facebook" time="0.020"/>
  <system-out/>
  <testcase classname="com.TestNG.features.Grouping_Features" name="spotify" time="0.021"/>
  <system-out/>
</testsuite> <!-- com.TestNG.features.Grouping_Features -->
