<?xml version="1.0" encoding="UTF-8"?>
<!-- Generated by org.testng.reporters.JUnitReportReporter -->
<testsuite hostname="DESKTOP-6BOD738" failures="0" tests="3" name="com.TestNG.features.Simple_Annotations" time="0.023" errors="0" timestamp="28 Dec 2021 08:46:53 GMT" skipped="0">
  <testcase classname="com.TestNG.features.Simple_Annotations" name="Kids" time="0.014"/>
  <testcase classname="com.TestNG.features.Simple_Annotations" name="Women" time="0.004"/>
  <testcase classname="com.TestNG.features.Simple_Annotations" name="Men" time="0.005"/>
</testsuite> <!-- com.TestNG.features.Simple_Annotations -->
