<?xml version="1.0" encoding="UTF-8"?>
<!-- Generated by org.testng.reporters.JUnitReportReporter -->
<testsuite hostname="DESKTOP-6BOD738" failures="0" tests="3" name="com.TestNG.features.Ignore_Concept" time="0.028" errors="0" timestamp="28 Dec 2021 08:35:18 GMT" skipped="2">
  <testcase classname="com.TestNG.features.Ignore_Concept" name="facebook" time="0.028"/>
  <testcase classname="com.TestNG.features.Ignore_Concept" name="whatsapp">
    <skipped/>
  </testcase> <!-- whatsapp -->
  <testcase classname="com.TestNG.features.Ignore_Concept" name="instagram">
    <skipped/>
  </testcase> <!-- instagram -->
</testsuite> <!-- com.TestNG.features.Ignore_Concept -->
