<?xml version="1.0" encoding="UTF-8"?>
<!-- Generated by org.testng.reporters.JUnitReportReporter -->
<testsuite hostname="DESKTOP-6BOD738" failures="0" tests="14" name="com.TestNG.features.Data_Provider" time="0.087" errors="0" timestamp="2022-01-17T19:04:09 IST" skipped="0">
  <testcase classname="com.TestNG.features.Data_Provider" name="data" time="0.007"/>
  <system-out/>
  <testcase classname="com.TestNG.features.Data_Provider" name="data" time="0.013"/>
  <system-out/>
  <testcase classname="com.TestNG.features.Data_Provider" name="data" time="0.002"/>
  <system-out/>
  <testcase classname="com.TestNG.features.Data_Provider" name="data" time="0.006"/>
  <system-out/>
  <testcase classname="com.TestNG.features.Data_Provider" name="data" time="0.005"/>
  <system-out/>
  <testcase classname="com.TestNG.features.Data_Provider" name="data" time="0.007"/>
  <system-out/>
  <testcase classname="com.TestNG.features.Data_Provider" name="data" time="0.008"/>
  <system-out/>
  <testcase classname="com.TestNG.features.Data_Provider" name="data" time="0.005"/>
  <system-out/>
  <testcase classname="com.TestNG.features.Data_Provider" name="data" time="0.006"/>
  <system-out/>
  <testcase classname="com.TestNG.features.Data_Provider" name="data" time="0.004"/>
  <system-out/>
  <testcase classname="com.TestNG.features.Data_Provider" name="data" time="0.009"/>
  <system-out/>
  <testcase classname="com.TestNG.features.Data_Provider" name="data" time="0.004"/>
  <system-out/>
  <testcase classname="com.TestNG.features.Data_Provider" name="data" time="0.006"/>
  <system-out/>
  <testcase classname="com.TestNG.features.Data_Provider" name="data" time="0.005"/>
  <system-out/>
</testsuite> <!-- com.TestNG.features.Data_Provider -->
