<?xml version="1.0" encoding="UTF-8"?>
<!-- Generated by org.testng.reporters.JUnitReportReporter -->
<testsuite hostname="DESKTOP-6BOD738" failures="0" tests="2" name="com.TestNG.features.Parllel_Test" time="82.374" errors="0" timestamp="2022-01-26T17:22:10 IST" skipped="0">
  <testcase classname="com.TestNG.features.Parllel_Test" name="google" time="41.483"/>
  <system-out/>
  <testcase classname="com.TestNG.features.Parllel_Test" name="gogle" time="40.891"/>
  <system-out/>
</testsuite> <!-- com.TestNG.features.Parllel_Test -->
