<?xml version="1.0" encoding="UTF-8"?>
<!-- Generated by org.testng.reporters.JUnitReportReporter -->
<testsuite hostname="DESKTOP-6BOD738" failures="0" tests="2" name="com.TestNG.features.Expected_Exception_Concept" time="0.043" errors="0" timestamp="28 Dec 2021 08:27:30 GMT" skipped="0">
  <testcase classname="com.TestNG.features.Expected_Exception_Concept" name="asert" time="0.039"/>
  <testcase classname="com.TestNG.features.Expected_Exception_Concept" name="demo" time="0.004"/>
</testsuite> <!-- com.TestNG.features.Expected_Exception_Concept -->
