<?xml version="1.0" encoding="UTF-8"?>
<!-- Generated by org.testng.reporters.JUnitReportReporter -->
<testsuite hostname="DESKTOP-6BOD738" failures="0" tests="14" name="com.TestNG.features.Data_Provider" time="0.125" errors="0" timestamp="28 Dec 2021 08:15:48 GMT" skipped="0">
  <testcase classname="com.TestNG.features.Data_Provider" name="data" time="0.004"/>
  <testcase classname="com.TestNG.features.Data_Provider" name="data" time="0.006"/>
  <testcase classname="com.TestNG.features.Data_Provider" name="data" time="0.027"/>
  <testcase classname="com.TestNG.features.Data_Provider" name="data" time="0.007"/>
  <testcase classname="com.TestNG.features.Data_Provider" name="data" time="0.003"/>
  <testcase classname="com.TestNG.features.Data_Provider" name="data" time="0.003"/>
  <testcase classname="com.TestNG.features.Data_Provider" name="data" time="0.014"/>
  <testcase classname="com.TestNG.features.Data_Provider" name="data" time="0.006"/>
  <testcase classname="com.TestNG.features.Data_Provider" name="data" time="0.006"/>
  <testcase classname="com.TestNG.features.Data_Provider" name="data" time="0.027"/>
  <testcase classname="com.TestNG.features.Data_Provider" name="data" time="0.009"/>
  <testcase classname="com.TestNG.features.Data_Provider" name="data" time="0.004"/>
  <testcase classname="com.TestNG.features.Data_Provider" name="data" time="0.006"/>
  <testcase classname="com.TestNG.features.Data_Provider" name="data" time="0.003"/>
</testsuite> <!-- com.TestNG.features.Data_Provider -->
