<?xml version="1.0" encoding="UTF-8"?>
<!-- Generated by org.testng.reporters.JUnitReportReporter -->
<testsuite hostname="DESKTOP-6BOD738" failures="0" tests="1" name="com.TestNG.features.Parameter_Concept" time="0.027" errors="0" timestamp="28 Dec 2021 08:43:46 GMT" skipped="0">
  <testcase classname="com.TestNG.features.Parameter_Concept" name="credentials" time="0.027"/>
</testsuite> <!-- com.TestNG.features.Parameter_Concept -->
