<?xml version="1.0" encoding="UTF-8"?>
<!-- Generated by org.testng.reporters.JUnitReportReporter -->
<testsuite hostname="DESKTOP-6BOD738" failures="0" tests="3" name="com.TestNG.features.Priority_features" time="0.042" errors="0" timestamp="28 Dec 2021 08:44:07 GMT" skipped="0">
  <testcase classname="com.TestNG.features.Priority_features" name="Men" time="0.013"/>
  <testcase classname="com.TestNG.features.Priority_features" name="Women" time="0.005"/>
  <testcase classname="com.TestNG.features.Priority_features" name="Kids" time="0.024"/>
</testsuite> <!-- com.TestNG.features.Priority_features -->
