<?xml version="1.0" encoding="UTF-8"?>
<!-- Generated by org.testng.reporters.JUnitReportReporter -->
<testsuite hostname="DESKTOP-6BOD738" failures="0" tests="7" name="com.TestNG.features.Innovacation_Count" time="0.066" errors="0" timestamp="28 Dec 2021 08:36:12 GMT" skipped="0">
  <testcase classname="com.TestNG.features.Innovacation_Count" name="browserLaunch" time="0.032"/>
  <testcase classname="com.TestNG.features.Innovacation_Count" name="url" time="0.003"/>
  <testcase classname="com.TestNG.features.Innovacation_Count" name="refresh" time="0.008"/>
  <testcase classname="com.TestNG.features.Innovacation_Count" name="refresh" time="0.006"/>
  <testcase classname="com.TestNG.features.Innovacation_Count" name="refresh" time="0.008"/>
  <testcase classname="com.TestNG.features.Innovacation_Count" name="refresh" time="0.005"/>
  <testcase classname="com.TestNG.features.Innovacation_Count" name="refresh" time="0.004"/>
</testsuite> <!-- com.TestNG.features.Innovacation_Count -->
