<?xml version="1.0" encoding="UTF-8"?>
<!-- Generated by org.testng.reporters.JUnitReportReporter -->
<testsuite hostname="DESKTOP-6BOD738" failures="0" tests="2" name="com.TestNG.features.Expected_Exception_Concept" time="0.042" errors="0" timestamp="2022-01-15T17:27:26 IST" skipped="0">
  <testcase classname="com.TestNG.features.Expected_Exception_Concept" name="asert" time="0.039"/>
  <system-out/>
  <testcase classname="com.TestNG.features.Expected_Exception_Concept" name="demo" time="0.003"/>
  <system-out/>
</testsuite> <!-- com.TestNG.features.Expected_Exception_Concept -->
