<?xml version="1.0" encoding="UTF-8"?>
<!-- Generated by org.testng.reporters.JUnitReportReporter -->
<testsuite hostname="DESKTOP-6BOD738" failures="0" tests="1" name="com.TestNG.features.Soft_Assert" time="0.055" errors="0" timestamp="28 Dec 2021 08:47:46 GMT" skipped="0">
  <testcase classname="com.TestNG.features.Soft_Assert" name="demo_Username" time="0.055"/>
</testsuite> <!-- com.TestNG.features.Soft_Assert -->
