<?xml version="1.0" encoding="UTF-8"?>
<!-- Generated by org.testng.reporters.JUnitReportReporter -->
<testsuite hostname="DESKTOP-6BOD738" failures="0" tests="1" name="com.TestNG.features.Timeout_Concept" time="6.140" errors="0" timestamp="28 Dec 2021 08:48:50 GMT" skipped="0">
  <testcase classname="com.TestNG.features.Timeout_Concept" name="demo" time="6.140"/>
</testsuite> <!-- com.TestNG.features.Timeout_Concept -->
