<?xml version="1.0" encoding="UTF-8"?>
<!-- Generated by org.testng.reporters.JUnitReportReporter -->
<testsuite hostname="DESKTOP-6BOD738" failures="0" tests="1" name="com.TestNG.features.Parellel_Test2" time="15.930" errors="0" timestamp="2022-01-25T14:51:55 IST" skipped="0">
  <testcase classname="com.TestNG.features.Parellel_Test2" name="gogle" time="15.930"/>
  <system-out/>
</testsuite> <!-- com.TestNG.features.Parellel_Test2 -->
