<?xml version="1.0" encoding="UTF-8"?>
<!-- Generated by org.testng.reporters.JUnitReportReporter -->
<testsuite hostname="DESKTOP-6BOD738" failures="0" tests="4" name="com.TestNG.features.Grouping_Features" time="0.035" errors="0" timestamp="28 Dec 2021 08:32:57 GMT" skipped="0">
  <testcase classname="com.TestNG.features.Grouping_Features" name="spotify" time="0.002"/>
  <testcase classname="com.TestNG.features.Grouping_Features" name="facebook" time="0.024"/>
  <testcase classname="com.TestNG.features.Grouping_Features" name="wynkMusic" time="0.005"/>
  <testcase classname="com.TestNG.features.Grouping_Features" name="whatsapp" time="0.004"/>
</testsuite> <!-- com.TestNG.features.Grouping_Features -->
